Android/Content Providers/Chat-Server-Oneway/app/build/intermediates/manifest_merge_blame_file/release/manifest-merger-blame-release-report.txt
1<?xml version="1.0" encoding="utf-8"?>
2<manifest xmlns:android="http://schemas.android.com/apk/res/android"
3    package="edu.stevens.cs522.chatserver"
4    android:versionCode="1"
5    android:versionName="1.0" >
6
7    <uses-sdk
8        android:minSdkVersion="26"
8-->src/main/AndroidManifest.xml
9        android:targetSdkVersion="33" />
9-->src/main/AndroidManifest.xml
10
11    <!-- <uses-permission android:name="android.permission.READ_EXTERNAL_STORAGE"/> -->
12
13
14    <!-- <uses-permission android:name="android.permission.WRITE_EXTERNAL_STORAGE" -->
15    <!-- tools:ignore="ScopedStorage" /> -->
16
17    <uses-permission android:name="android.permission.INTERNET" />
17-->src/main/AndroidManifest.xml:10:5-67
17-->src/main/AndroidManifest.xml:10:22-64
18    <uses-permission android:name="android.permission.ACCESS_NETWORK_STATE" />
18-->src/main/AndroidManifest.xml:11:5-79
18-->src/main/AndroidManifest.xml:11:22-76
19    <uses-permission android:name="android.permission.READ_SMS" />
19-->[:cs522-library] AndroidManifest.xml:11:5-67
19-->[:cs522-library] AndroidManifest.xml:11:22-64
20    <uses-permission android:name="android.permission.RECEIVE_SMS" />
20-->[:cs522-library] AndroidManifest.xml:12:5-70
20-->[:cs522-library] AndroidManifest.xml:12:22-67
21    <uses-permission android:name="android.permission.SEND_SMS" /> <!-- Required for receiving MMS -->
21-->[:cs522-library] AndroidManifest.xml:13:5-67
21-->[:cs522-library] AndroidManifest.xml:13:22-64
22    <!-- <uses-permission android:name="android.permission.RECEIVE_MMS" /> -->
23    <!-- <uses-permission android:name="android.permission.RECEIVE_WAP_PUSH" /> -->
24    <uses-permission android:name="android.permission.WAKE_LOCK" />
24-->[:cs522-library] AndroidManifest.xml:19:5-68
24-->[:cs522-library] AndroidManifest.xml:19:22-65
25
26    <application
26-->src/main/AndroidManifest.xml:13:5-33:19
27        android:allowBackup="true"
27-->[:cs522-library] AndroidManifest.xml:22:9-35
28        android:appComponentFactory="androidx.core.app.CoreComponentFactory"
28-->[androidx.core:core:1.8.0] AndroidManifest.xml:24:18-86
29        android:extractNativeLibs="false"
30        android:icon="@mipmap/ic_launcher"
30-->src/main/AndroidManifest.xml:14:9-43
31        android:label="@string/app_name"
31-->src/main/AndroidManifest.xml:15:9-41
32        android:roundIcon="@mipmap/ic_launcher_round"
32-->[:cs522-library] AndroidManifest.xml:25:9-54
33        android:supportsRtl="true"
33-->[:cs522-library] AndroidManifest.xml:26:9-35
34        android:theme="@style/AppTheme" >
34-->src/main/AndroidManifest.xml:16:9-40
35        <activity
35-->src/main/AndroidManifest.xml:17:9-23:20
36            android:name="edu.stevens.cs522.chatserver.activities.ChatServerActivity"
36-->src/main/AndroidManifest.xml:17:19-64
37            android:exported="true" >
37-->src/main/AndroidManifest.xml:17:65-88
38            <intent-filter>
38-->src/main/AndroidManifest.xml:18:13-22:29
39                <action android:name="android.intent.action.MAIN" />
39-->src/main/AndroidManifest.xml:19:17-69
39-->src/main/AndroidManifest.xml:19:25-66
40
41                <category android:name="android.intent.category.LAUNCHER" />
41-->src/main/AndroidManifest.xml:21:17-77
41-->src/main/AndroidManifest.xml:21:27-74
42            </intent-filter>
43        </activity>
44        <activity android:name="edu.stevens.cs522.chatserver.activities.ViewPeersActivity" />
44-->src/main/AndroidManifest.xml:24:9-25:59
44-->src/main/AndroidManifest.xml:25:13-57
45        <activity android:name="edu.stevens.cs522.chatserver.activities.ViewPeerActivity" />
45-->src/main/AndroidManifest.xml:26:9-27:58
45-->src/main/AndroidManifest.xml:27:13-56
46        <!-- TODO add a provider element (see BaseContract) -->
47        <provider
47-->src/main/AndroidManifest.xml:29:9-32:39
48            android:name="edu.stevens.cs522.chatserver.providers.ChatProvider"
48-->src/main/AndroidManifest.xml:31:13-51
49            android:authorities="edu.stevens.cs522.chatserver"
49-->src/main/AndroidManifest.xml:30:13-63
50            android:exported="false" />
50-->src/main/AndroidManifest.xml:32:13-37
51
52        <receiver
52-->[:cs522-library] AndroidManifest.xml:28:9-40:20
53            android:name="edu.stevens.cs522.base.sms.ChatMessageReceiver"
53-->[:cs522-library] AndroidManifest.xml:29:13-74
54            android:enabled="true"
54-->[:cs522-library] AndroidManifest.xml:30:13-35
55            android:exported="true" >
55-->[:cs522-library] AndroidManifest.xml:31:13-36
56            <intent-filter>
56-->[:cs522-library] AndroidManifest.xml:32:13-39:29
57                <action android:name="android.provider.Telephony.SMS_RECEIVED" />
57-->[:cs522-library] AndroidManifest.xml:33:17-82
57-->[:cs522-library] AndroidManifest.xml:33:25-79
58                <action android:name="android.provider.Telephony.SMS_DELIVER" />
58-->[:cs522-library] AndroidManifest.xml:34:17-81
58-->[:cs522-library] AndroidManifest.xml:34:25-78
59
60                <!-- Required for MMS receiver -->
61                <!-- <action android:name="android.provider.Telephony.WAP_PUSH_DELIVER" /> -->
62                <!-- <data android:mimeType="application/vnd.wap.mms-message" /> -->
63            </intent-filter>
64        </receiver>
65
66        <service
66-->[:cs522-library] AndroidManifest.xml:42:9-45:40
67            android:name="edu.stevens.cs522.base.work.WorkIntentService"
67-->[:cs522-library] AndroidManifest.xml:43:13-73
68            android:enabled="true"
68-->[:cs522-library] AndroidManifest.xml:44:13-35
69            android:exported="false" />
69-->[:cs522-library] AndroidManifest.xml:45:13-37
70    </application>
71
72</manifest>